<?xml version="1.0" encoding="UTF-8"?>
<testsuite name="com.codurance.RomanNumeralsShould" tests="1" skipped="0" failures="0" errors="0" timestamp="2019-08-01T08:55:22" hostname="Enrics-MacBook-Pro.local" time="0.001">
  <properties/>
  <testcase name="convert_1_to_I" classname="com.codurance.RomanNumeralsShould" time="0.001"/>
  <system-out><![CDATA[]]></system-out>
  <system-err><![CDATA[]]></system-err>
</testsuite>
